#
# There is insufficient memory for the Java Runtime Environment to continue.
# Native memory allocation (mmap) failed to map 65011712 bytes for Failed to commit area from 0x00000000c2000000 to 0x00000000c5e00000 of length 65011712.
# Possible reasons:
#   The system is out of physical RAM or swap space
#   The process is running with CompressedOops enabled, and the Java Heap may be blocking the growth of the native heap
# Possible solutions:
#   Reduce memory load on the system
#   Increase physical memory or swap space
#   Check if swap backing store is full
#   Decrease Java heap size (-Xmx/-Xms)
#   Decrease number of Java threads
#   Decrease Java thread stack sizes (-Xss)
#   Set larger code cache with -XX:ReservedCodeCacheSize=
# This output file may be truncated or incomplete.
#
#  Out of Memory Error (t:/workspace/open/src/hotspot/os/windows/os_windows.cpp:3254), pid=9376, tid=12376
#
# JRE version:  (12.0.1+12) (build )
# Java VM: Java HotSpot(TM) 64-Bit Server VM (12.0.1+12, mixed mode, aot, sharing, tiered, compressed oops, g1 gc, windows-amd64)
# No core dump will be written. Minidumps are not enabled by default on client versions of Windows
#

---------------  S U M M A R Y ------------

Command Line: -javaagent:D:\Program Files\IntelliJ IDEA Community Edition 2019.2\lib\idea_rt.jar=53988:D:\Program Files\IntelliJ IDEA Community Edition 2019.2\bin -Dfile.encoding=UTF-8 View.View

Host: Intel(R) Core(TM) i5-7200U CPU @ 2.50GHz, 4 cores, 3G,  Windows 10 , 64 bit Build 17134 (10.0.17134.753)
Time: Sun Sep 29 00:27:32 2019 SE Asia Standard Time elapsed time: 0 seconds (0d 0h 0m 0s)

---------------  T H R E A D  ---------------

Current thread (0x000001eb7b00c800):  JavaThread "Unknown thread" [_thread_in_vm, id=12376, stack(0x0000004c40d00000,0x0000004c40e00000)]

Stack: [0x0000004c40d00000,0x0000004c40e00000]
Native frames: (J=compiled Java code, j=interpreted, Vv=VM code, C=native code)
V  [jvm.dll+0x63948a]
V  [jvm.dll+0x78b31f]
V  [jvm.dll+0x78c9c1]
V  [jvm.dll+0x78d013]
V  [jvm.dll+0x262138]
V  [jvm.dll+0x63698a]
V  [jvm.dll+0x62b505]
V  [jvm.dll+0x31d9bc]
V  [jvm.dll+0x31d7ef]
V  [jvm.dll+0x323526]
V  [jvm.dll+0x370f76]
V  [jvm.dll+0x370750]
V  [jvm.dll+0x2f786a]
V  [jvm.dll+0x2f8af2]
V  [jvm.dll+0x7657b7]
V  [jvm.dll+0x766e95]
V  [jvm.dll+0x37f089]
V  [jvm.dll+0x749b14]
V  [jvm.dll+0x3ee48d]
V  [jvm.dll+0x3f03c1]
C  [jli.dll+0x51cf]
C  [ucrtbase.dll+0x1e3fe]
C  [KERNEL32.DLL+0x14034]
C  [ntdll.dll+0x73691]


---------------  P R O C E S S  ---------------

Threads class SMR info:
_java_thread_list=0x00007ff9d8bb48e8, length=0, elements={
}

Java Threads: ( => current thread )

Other Threads:
  0x000001eb7b039000 GCTaskThread "GC Thread#0" [stack: 0x0000004c40e00000,0x0000004c40f00000] [id=3612]
  0x000001eb7b040800 ConcurrentGCThread "G1 Main Marker" [stack: 0x0000004c40f00000,0x0000004c41000000] [id=6952]
  0x000001eb7b043800 ConcurrentGCThread "G1 Conc#0" [stack: 0x0000004c41000000,0x0000004c41100000] [id=8908]

[error occurred during error reporting (printing all threads), id 0xc0000005, EXCEPTION_ACCESS_VIOLATION (0xc0000005) at pc=0x00007ff9d83e7a37]

VM state:not at safepoint (not fully initialized)

VM Mutex/Monitor currently owned by a thread:  ([mutex/lock_event])
[0x000001eb7b0076a0] Heap_lock - owner thread: 0x000001eb7b00c800

Heap address: 0x00000000c2000000, size: 992 MB, Compressed Oops mode: Non-zero based: 0x00000000c2000000
Narrow klass base: 0x0000000000000000, Narrow klass shift: 0

GC Heap History (0 events):
No events

Deoptimization events (0 events):
No events

Classes redefined (0 events):
No events

Internal exceptions (0 events):
No events

Events (0 events):
No events


Dynamic libraries:
0x00007ff6fef90000 - 0x00007ff6fef9f000 	C:\Program Files\Java\jdk-12.0.1\bin\java.exe
0x00007ffa23960000 - 0x00007ffa23b41000 	C:\WINDOWS\SYSTEM32\ntdll.dll
0x00007ffa21070000 - 0x00007ffa21121000 	C:\WINDOWS\System32\KERNEL32.DLL
0x00007ffa207f0000 - 0x00007ffa20a63000 	C:\WINDOWS\System32\KERNELBASE.dll
0x00007ffa20a70000 - 0x00007ffa20b68000 	C:\WINDOWS\System32\ucrtbase.dll
0x00007ffa11b80000 - 0x00007ffa11b98000 	C:\Program Files\Java\jdk-12.0.1\bin\jli.dll
0x00007ffa23880000 - 0x00007ffa23921000 	C:\WINDOWS\System32\ADVAPI32.dll
0x00007ffa214d0000 - 0x00007ffa2156e000 	C:\WINDOWS\System32\msvcrt.dll
0x00007ffa212d0000 - 0x00007ffa2132b000 	C:\WINDOWS\System32\sechost.dll
0x00007ffa20de0000 - 0x00007ffa20f04000 	C:\WINDOWS\System32\RPCRT4.dll
0x00007ffa22d30000 - 0x00007ffa22ec0000 	C:\WINDOWS\System32\USER32.dll
0x00007ffa20c20000 - 0x00007ffa20c40000 	C:\WINDOWS\System32\win32u.dll
0x00007ffa21660000 - 0x00007ffa21688000 	C:\WINDOWS\System32\GDI32.dll
0x00007ffa20c40000 - 0x00007ffa20dd1000 	C:\WINDOWS\System32\gdi32full.dll
0x00007ffa1ff10000 - 0x00007ffa1ffaf000 	C:\WINDOWS\System32\msvcp_win.dll
0x00007ffa11c90000 - 0x00007ffa11ca6000 	C:\Program Files\Java\jdk-12.0.1\bin\VCRUNTIME140.dll
0x00007ffa158f0000 - 0x00007ffa15b59000 	C:\WINDOWS\WinSxS\amd64_microsoft.windows.common-controls_6595b64144ccf1df_6.0.17134.1006_none_d3fbb8f77c940c3f\COMCTL32.dll
0x00007ffa23470000 - 0x00007ffa23791000 	C:\WINDOWS\System32\combase.dll
0x00007ffa20710000 - 0x00007ffa20789000 	C:\WINDOWS\System32\bcryptPrimitives.dll
0x00007ffa16230000 - 0x00007ffa1623a000 	C:\WINDOWS\SYSTEM32\VERSION.dll
0x00007ffa22ec0000 - 0x00007ffa22eed000 	C:\WINDOWS\System32\IMM32.DLL
0x00007ff9f76a0000 - 0x00007ff9f774a000 	C:\Program Files\Java\jdk-12.0.1\bin\msvcp140.dll
0x00007ff9d80e0000 - 0x00007ff9d8c54000 	C:\Program Files\Java\jdk-12.0.1\bin\server\jvm.dll
0x00007ffa21130000 - 0x00007ffa21138000 	C:\WINDOWS\System32\PSAPI.DLL
0x00007ffa13460000 - 0x00007ffa13483000 	C:\WINDOWS\SYSTEM32\WINMM.dll
0x00007ffa11270000 - 0x00007ffa1129a000 	C:\WINDOWS\SYSTEM32\WINMMBASE.dll
0x00007ffa206c0000 - 0x00007ffa20709000 	C:\WINDOWS\System32\cfgmgr32.dll
0x00007ffa15840000 - 0x00007ffa15849000 	C:\WINDOWS\SYSTEM32\WSOCK32.dll
0x00007ffa22f50000 - 0x00007ffa22fbc000 	C:\WINDOWS\System32\WS2_32.dll
0x00007ffa1fc90000 - 0x00007ffa1fca1000 	C:\WINDOWS\System32\kernel.appcore.dll
0x00007ffa11b60000 - 0x00007ffa11b71000 	C:\Program Files\Java\jdk-12.0.1\bin\verify.dll
0x00007ffa1ea60000 - 0x00007ffa1ec29000 	C:\WINDOWS\SYSTEM32\DBGHELP.DLL
0x00007ffa16e00000 - 0x00007ffa16e29000 	C:\WINDOWS\SYSTEM32\dbgcore.DLL
0x00007ffa0e920000 - 0x00007ffa0e946000 	C:\Program Files\Java\jdk-12.0.1\bin\java.dll
0x00007ffa111b0000 - 0x00007ffa111be000 	C:\Program Files\Java\jdk-12.0.1\bin\instrument.dll
0x00007ffa0e900000 - 0x00007ffa0e917000 	C:\Program Files\Java\jdk-12.0.1\bin\zip.dll
0x00007ffa1c670000 - 0x00007ffa1c67a000 	C:\Program Files\Java\jdk-12.0.1\bin\jimage.dll

dbghelp: loaded successfully - version: 4.0.5 - missing functions: none
symbol engine: initialized successfully - sym options: 0x614 - pdb path: .;C:\Program Files\Java\jdk-12.0.1\bin;C:\WINDOWS\SYSTEM32;C:\WINDOWS\WinSxS\amd64_microsoft.windows.common-controls_6595b64144ccf1df_6.0.17134.1006_none_d3fbb8f77c940c3f;C:\Program Files\Java\jdk-12.0.1\bin\server

VM Arguments:
jvm_args: -javaagent:D:\Program Files\IntelliJ IDEA Community Edition 2019.2\lib\idea_rt.jar=53988:D:\Program Files\IntelliJ IDEA Community Edition 2019.2\bin -Dfile.encoding=UTF-8 
java_command: View.View
java_class_path (initial): C:\Users\Mr.Lee\IdeaProjects\SRMapp\out\production\SRMapp
Launcher Type: SUN_STANDARD

[Global flags]
     intx CICompilerCount                          = 3                                         {product} {ergonomic}
     uint ConcGCThreads                            = 1                                         {product} {ergonomic}
     uint G1ConcRefinementThreads                  = 4                                         {product} {ergonomic}
   size_t G1HeapRegionSize                         = 1048576                                   {product} {ergonomic}
    uintx GCDrainStackTargetSize                   = 64                                        {product} {ergonomic}
   size_t InitialHeapSize                          = 65011712                                  {product} {ergonomic}
   size_t MarkStackSize                            = 4194304                                   {product} {ergonomic}
   size_t MaxHeapSize                              = 1040187392                                {product} {ergonomic}
   size_t MinHeapDeltaBytes                        = 1048576                                   {product} {ergonomic}
    uintx NonNMethodCodeHeapSize                   = 5830732                                {pd product} {ergonomic}
    uintx NonProfiledCodeHeapSize                  = 122913754                              {pd product} {ergonomic}
    uintx ProfiledCodeHeapSize                     = 122913754                              {pd product} {ergonomic}
    uintx ReservedCodeCacheSize                    = 251658240                              {pd product} {ergonomic}
     bool SegmentedCodeCache                       = true                                      {product} {ergonomic}
     bool UseCompressedClassPointers               = true                                 {lp64_product} {ergonomic}
     bool UseCompressedOops                        = true                                 {lp64_product} {ergonomic}
     bool UseG1GC                                  = true                                      {product} {ergonomic}
     bool UseLargePagesIndividualAllocation        = false                                  {pd product} {ergonomic}

Logging:
Log output configuration:
 #0: stdout all=warning uptime,level,tags
 #1: stderr all=off uptime,level,tags

Environment Variables:
PATH=D:\Program Files\IntelliJ IDEA Community Edition 2019.2\jbr\\bin;D:\Program Files\IntelliJ IDEA Community Edition 2019.2\jbr\\bin\server;C:\Program Files\Microsoft MPI\Bin\;C:\Program Files (x86)\Intel\Intel(R) Management Engine Components\iCLS\;C:\Program Files\Intel\Intel(R) Management Engine Components\iCLS\;C:\WINDOWS\system32;C:\WINDOWS;C:\WINDOWS\System32\Wbem;C:\WINDOWS\System32\WindowsPowerShell\v1.0\;C:\Program Files (x86)\Intel\Intel(R) Management Engine Components\DAL;C:\Program Files\Intel\Intel(R) Management Engine Components\DAL;C:\Program Files (x86)\Intel\Intel(R) Management Engine Components\IPT;C:\Program Files\Intel\Intel(R) Management Engine Components\IPT;C:\Program Files (x86)\AMD\ATI.ACE\Core-Static;C:\Program Files\dotnet\;C:\Program Files\Microsoft SQL Server\130\Tools\Binn\;C:\WINDOWS\System32\OpenSSH\;C:\WINDOWS\system32\config\systemprofile\.dnx\bin;C:\Program Files\Microsoft DNX\Dnvm\;C:\Program Files (x86)\Microsoft SQL Server\130\Tools\Binn\;C:\Program Files (x86)\Microsoft SQL Server\130\DTS\Binn\;C:\Program Files\Microsoft SQL Server\130\DTS\Binn\;C:\Program Files\Microsoft SQL Server\Client SDK\ODBC\130\Tools\Binn\;C:\Program Files (x86)\Microsoft SQL Server\150\DTS\Binn\;C:\Users\Mr.Lee\AppData\Local\Microsoft\WindowsApps;D:\Program Files\IntelliJ IDEA Community Edition 2019.2\bin;
USERNAME=Mr.Lee
OS=Windows_NT
PROCESSOR_IDENTIFIER=Intel64 Family 6 Model 142 Stepping 9, GenuineIntel



---------------  S Y S T E M  ---------------

OS: Windows 10 , 64 bit Build 17134 (10.0.17134.753)

CPU:total 4 (initial active 4) (2 cores per cpu, 2 threads per core) family 6 model 142 stepping 9, cmov, cx8, fxsr, mmx, sse, sse2, sse3, ssse3, sse4.1, sse4.2, popcnt, avx, avx2, aes, clmul, erms, 3dnowpref, lzcnt, ht, tsc, tscinvbit, bmi1, bmi2, adx, fma

Memory: 4k page, system-wide physical 3965M (458M free)
TotalPageFile size 16253M (AvailPageFile size 14M)
current process WorkingSet (physical memory assigned to process): 10M, peak: 10M
current process commit charge ("private bytes"): 52M, peak: 114M

vm_info: Java HotSpot(TM) 64-Bit Server VM (12.0.1+12) for windows-amd64 JRE (12.0.1+12), built on Apr  2 2019 14:02:19 by "mach5one" with MS VC++ 15.5 (VS2017)

END.
